<?xml version="1.0" encoding="UTF-8"?>
<!-- Generated by org.testng.reporters.JUnitReportReporter -->
<testsuite hostname="Pavithran" failures="0" tests="2" name="org.maven.MavenProject.TestNg" time="11.276" errors="0" timestamp="2019-11-13T17:43:54 IST" skipped="0">
  <testcase classname="org.maven.MavenProject.TestNg" name="test1" time="0.281"/>
  <testcase classname="org.maven.MavenProject.TestNg" name="test2" time="10.995"/>
</testsuite> <!-- org.maven.MavenProject.TestNg -->
